<?xml version="1.0" encoding="UTF-8"?>
<!-- Generated by org.testng.reporters.JUnitReportReporter -->
<testsuite hostname="DESKTOP-AD44IUN" failures="0" tests="1" name="testcases.LoginPage" time="0.668" errors="0" timestamp="2022-10-21T18:26:40 IST" skipped="0">
  <testcase classname="testcases.LoginPage" name="SignIn" time="0.668"/>
  <system-out/>
</testsuite> <!-- testcases.LoginPage -->
