<?xml version="1.0" encoding="UTF-8"?>
<!-- Generated by org.testng.reporters.JUnitReportReporter -->
<testsuite hostname="DESKTOP-AD44IUN" failures="0" tests="1" name="testcases.LoginPage" time="0.981" errors="0" timestamp="2022-10-20T15:18:54 IST" skipped="0">
  <testcase classname="testcases.LoginPage" name="SignIn" time="0.981"/>
  <system-out/>
</testsuite> <!-- testcases.LoginPage -->
