<?xml version="1.0" encoding="UTF-8"?>
<!-- Generated by org.testng.reporters.JUnitReportReporter -->
<testsuite hostname="DESKTOP-AD44IUN" failures="0" tests="1" name="testcases.LoginPage" time="1.150" errors="0" timestamp="2022-10-21T18:36:43 IST" skipped="0">
  <testcase classname="testcases.LoginPage" name="SignIn" time="1.150"/>
  <system-out/>
</testsuite> <!-- testcases.LoginPage -->
